[2025-05-03T07:00:14.280+0000] {local_task_job_runner.py:123} INFO - ::group::Pre task execution logs
[2025-05-03T07:00:14.323+0000] {taskinstance.py:2614} INFO - Dependencies all met for dep_context=non-requeueable deps ti=<TaskInstance: google_maps_reviews.test_dbt_models manual__2025-05-03T06:53:22.169245+00:00 [queued]>
[2025-05-03T07:00:14.342+0000] {taskinstance.py:2614} INFO - Dependencies all met for dep_context=requeueable deps ti=<TaskInstance: google_maps_reviews.test_dbt_models manual__2025-05-03T06:53:22.169245+00:00 [queued]>
[2025-05-03T07:00:14.343+0000] {taskinstance.py:2867} INFO - Starting attempt 1 of 2
[2025-05-03T07:00:14.371+0000] {taskinstance.py:2890} INFO - Executing <Task(BashOperator): test_dbt_models> on 2025-05-03 06:53:22.169245+00:00
[2025-05-03T07:00:14.393+0000] {warnings.py:112} WARNING - /home/***/.local/lib/python3.12/site-packages/***/task/task_runner/standard_task_runner.py:70: DeprecationWarning: This process (pid=1292) is multi-threaded, use of fork() may lead to deadlocks in the child.
  pid = os.fork()

[2025-05-03T07:00:14.399+0000] {standard_task_runner.py:72} INFO - Started process 1323 to run task
[2025-05-03T07:00:14.398+0000] {standard_task_runner.py:104} INFO - Running: ['***', 'tasks', 'run', 'google_maps_reviews', 'test_dbt_models', 'manual__2025-05-03T06:53:22.169245+00:00', '--job-id', '231', '--raw', '--subdir', 'DAGS_FOLDER/***dag.py', '--cfg-path', '/tmp/tmp_wf1turf']
[2025-05-03T07:00:14.400+0000] {standard_task_runner.py:105} INFO - Job 231: Subtask test_dbt_models
[2025-05-03T07:00:14.485+0000] {task_command.py:467} INFO - Running <TaskInstance: google_maps_reviews.test_dbt_models manual__2025-05-03T06:53:22.169245+00:00 [running]> on host 8280c28b7f0f
[2025-05-03T07:00:14.662+0000] {taskinstance.py:3134} INFO - Exporting env vars: AIRFLOW_CTX_DAG_OWNER='***' AIRFLOW_CTX_DAG_ID='google_maps_reviews' AIRFLOW_CTX_TASK_ID='test_dbt_models' AIRFLOW_CTX_EXECUTION_DATE='2025-05-03T06:53:22.169245+00:00' AIRFLOW_CTX_TRY_NUMBER='1' AIRFLOW_CTX_DAG_RUN_ID='manual__2025-05-03T06:53:22.169245+00:00'
[2025-05-03T07:00:14.666+0000] {logging_mixin.py:190} INFO - Task instance is in running state
[2025-05-03T07:00:14.666+0000] {logging_mixin.py:190} INFO -  Previous state of the Task instance: queued
[2025-05-03T07:00:14.667+0000] {logging_mixin.py:190} INFO - Current task name:test_dbt_models state:running start_date:2025-05-03 07:00:14.324288+00:00
[2025-05-03T07:00:14.668+0000] {logging_mixin.py:190} INFO - Dag name:google_maps_reviews and current dag run status:running
[2025-05-03T07:00:14.669+0000] {taskinstance.py:732} INFO - ::endgroup::
[2025-05-03T07:00:14.674+0000] {subprocess.py:78} INFO - Tmp dir root location: /tmp
[2025-05-03T07:00:14.678+0000] {subprocess.py:88} INFO - Running command: ['/usr/bin/bash', '-c', 'cd /opt/***/dbt_project/bank_reviews_dbt && dbt test --profiles-dir .']
[2025-05-03T07:00:14.702+0000] {subprocess.py:99} INFO - Output:
[2025-05-03T07:00:18.834+0000] {subprocess.py:106} INFO - [0m07:00:18  Running with dbt=1.9.4
[2025-05-03T07:00:19.402+0000] {subprocess.py:106} INFO - [0m07:00:19  Registered adapter: postgres=1.9.0
[2025-05-03T07:00:20.447+0000] {subprocess.py:106} INFO - [0m07:00:20  Found 5 models, 12 data tests, 433 macros
[2025-05-03T07:00:20.454+0000] {subprocess.py:106} INFO - [0m07:00:20
[2025-05-03T07:00:20.456+0000] {subprocess.py:106} INFO - [0m07:00:20  Concurrency: 1 threads (target='dev')
[2025-05-03T07:00:20.457+0000] {subprocess.py:106} INFO - [0m07:00:20
[2025-05-03T07:00:20.633+0000] {subprocess.py:106} INFO - [0m07:00:20  1 of 12 START test not_null_dim_bank_bank_id ................................... [RUN]
[2025-05-03T07:00:20.764+0000] {subprocess.py:106} INFO - [0m07:00:20  1 of 12 FAIL 42 not_null_dim_bank_bank_id ...................................... [[31mFAIL 42[0m in 0.13s]
[2025-05-03T07:00:20.771+0000] {subprocess.py:106} INFO - [0m07:00:20  2 of 12 START test not_null_dim_bank_bank_name ................................. [RUN]
[2025-05-03T07:00:20.846+0000] {subprocess.py:106} INFO - [0m07:00:20  2 of 12 PASS not_null_dim_bank_bank_name ....................................... [[32mPASS[0m in 0.07s]
[2025-05-03T07:00:20.851+0000] {subprocess.py:106} INFO - [0m07:00:20  3 of 12 START test not_null_dim_branch_branch_id ............................... [RUN]
[2025-05-03T07:00:20.929+0000] {subprocess.py:106} INFO - [0m07:00:20  3 of 12 FAIL 42 not_null_dim_branch_branch_id .................................. [[31mFAIL 42[0m in 0.07s]
[2025-05-03T07:00:20.934+0000] {subprocess.py:106} INFO - [0m07:00:20  4 of 12 START test not_null_dim_branch_branch_name ............................. [RUN]
[2025-05-03T07:00:21.007+0000] {subprocess.py:106} INFO - [0m07:00:21  4 of 12 PASS not_null_dim_branch_branch_name ................................... [[32mPASS[0m in 0.07s]
[2025-05-03T07:00:21.011+0000] {subprocess.py:106} INFO - [0m07:00:21  5 of 12 START test not_null_dim_location_location .............................. [RUN]
[2025-05-03T07:00:21.074+0000] {subprocess.py:106} INFO - [0m07:00:21  5 of 12 PASS not_null_dim_location_location .................................... [[32mPASS[0m in 0.06s]
[2025-05-03T07:00:21.080+0000] {subprocess.py:106} INFO - [0m07:00:21  6 of 12 START test not_null_dim_location_location_id ........................... [RUN]
[2025-05-03T07:00:21.169+0000] {subprocess.py:106} INFO - [0m07:00:21  6 of 12 PASS not_null_dim_location_location_id ................................. [[32mPASS[0m in 0.09s]
[2025-05-03T07:00:21.173+0000] {subprocess.py:106} INFO - [0m07:00:21  7 of 12 START test not_null_dim_sentiment_sentiment_id ......................... [RUN]
[2025-05-03T07:00:21.264+0000] {subprocess.py:106} INFO - [0m07:00:21  7 of 12 PASS not_null_dim_sentiment_sentiment_id ............................... [[32mPASS[0m in 0.09s]
[2025-05-03T07:00:21.268+0000] {subprocess.py:106} INFO - [0m07:00:21  8 of 12 START test not_null_dim_sentiment_sentiment_label ...................... [RUN]
[2025-05-03T07:00:21.349+0000] {subprocess.py:106} INFO - [0m07:00:21  8 of 12 PASS not_null_dim_sentiment_sentiment_label ............................ [[32mPASS[0m in 0.08s]
[2025-05-03T07:00:21.356+0000] {subprocess.py:106} INFO - [0m07:00:21  9 of 12 START test unique_dim_bank_bank_id ..................................... [RUN]
[2025-05-03T07:00:21.446+0000] {subprocess.py:106} INFO - [0m07:00:21  9 of 12 PASS unique_dim_bank_bank_id ........................................... [[32mPASS[0m in 0.09s]
[2025-05-03T07:00:21.450+0000] {subprocess.py:106} INFO - [0m07:00:21  10 of 12 START test unique_dim_branch_branch_id ................................ [RUN]
[2025-05-03T07:00:21.522+0000] {subprocess.py:106} INFO - [0m07:00:21  10 of 12 PASS unique_dim_branch_branch_id ...................................... [[32mPASS[0m in 0.07s]
[2025-05-03T07:00:21.528+0000] {subprocess.py:106} INFO - [0m07:00:21  11 of 12 START test unique_dim_location_location_id ............................ [RUN]
[2025-05-03T07:00:21.611+0000] {subprocess.py:106} INFO - [0m07:00:21  11 of 12 PASS unique_dim_location_location_id .................................. [[32mPASS[0m in 0.08s]
[2025-05-03T07:00:21.615+0000] {subprocess.py:106} INFO - [0m07:00:21  12 of 12 START test unique_dim_sentiment_sentiment_id .......................... [RUN]
[2025-05-03T07:00:21.697+0000] {subprocess.py:106} INFO - [0m07:00:21  12 of 12 PASS unique_dim_sentiment_sentiment_id ................................ [[32mPASS[0m in 0.08s]
[2025-05-03T07:00:21.726+0000] {subprocess.py:106} INFO - [0m07:00:21
[2025-05-03T07:00:21.727+0000] {subprocess.py:106} INFO - [0m07:00:21  Finished running 12 data tests in 0 hours 0 minutes and 1.27 seconds (1.27s).
[2025-05-03T07:00:21.869+0000] {subprocess.py:106} INFO - [0m07:00:21
[2025-05-03T07:00:21.871+0000] {subprocess.py:106} INFO - [0m07:00:21  [31mCompleted with 2 errors, 0 partial successes, and 0 warnings:[0m
[2025-05-03T07:00:21.872+0000] {subprocess.py:106} INFO - [0m07:00:21
[2025-05-03T07:00:21.874+0000] {subprocess.py:106} INFO - [0m07:00:21  [31mFailure in test not_null_dim_bank_bank_id (models/shema.yml)[0m
[2025-05-03T07:00:21.877+0000] {subprocess.py:106} INFO - [0m07:00:21    Got 42 results, configured to fail if != 0
[2025-05-03T07:00:21.878+0000] {subprocess.py:106} INFO - [0m07:00:21
[2025-05-03T07:00:21.880+0000] {subprocess.py:106} INFO - [0m07:00:21    compiled code at target/compiled/bank_reviews_dbt/models/shema.yml/not_null_dim_bank_bank_id.sql
[2025-05-03T07:00:21.881+0000] {subprocess.py:106} INFO - [0m07:00:21
[2025-05-03T07:00:21.882+0000] {subprocess.py:106} INFO - [0m07:00:21  [31mFailure in test not_null_dim_branch_branch_id (models/shema.yml)[0m
[2025-05-03T07:00:21.883+0000] {subprocess.py:106} INFO - [0m07:00:21    Got 42 results, configured to fail if != 0
[2025-05-03T07:00:21.885+0000] {subprocess.py:106} INFO - [0m07:00:21
[2025-05-03T07:00:21.886+0000] {subprocess.py:106} INFO - [0m07:00:21    compiled code at target/compiled/bank_reviews_dbt/models/shema.yml/not_null_dim_branch_branch_id.sql
[2025-05-03T07:00:21.887+0000] {subprocess.py:106} INFO - [0m07:00:21
[2025-05-03T07:00:21.889+0000] {subprocess.py:106} INFO - [0m07:00:21  Done. PASS=10 WARN=0 ERROR=2 SKIP=0 TOTAL=12
[2025-05-03T07:00:23.316+0000] {subprocess.py:110} INFO - Command exited with return code 1
[2025-05-03T07:00:23.337+0000] {taskinstance.py:3313} ERROR - Task failed with exception
Traceback (most recent call last):
  File "/home/airflow/.local/lib/python3.12/site-packages/airflow/models/taskinstance.py", line 768, in _execute_task
    result = _execute_callable(context=context, **execute_callable_kwargs)
             ^^^^^^^^^^^^^^^^^^^^^^^^^^^^^^^^^^^^^^^^^^^^^^^^^^^^^^^^^^^^^
  File "/home/airflow/.local/lib/python3.12/site-packages/airflow/models/taskinstance.py", line 734, in _execute_callable
    return ExecutionCallableRunner(
           ^^^^^^^^^^^^^^^^^^^^^^^^
  File "/home/airflow/.local/lib/python3.12/site-packages/airflow/utils/operator_helpers.py", line 252, in run
    return self.func(*args, **kwargs)
           ^^^^^^^^^^^^^^^^^^^^^^^^^^
  File "/home/airflow/.local/lib/python3.12/site-packages/airflow/models/baseoperator.py", line 424, in wrapper
    return func(self, *args, **kwargs)
           ^^^^^^^^^^^^^^^^^^^^^^^^^^^
  File "/home/airflow/.local/lib/python3.12/site-packages/airflow/operators/bash.py", line 276, in execute
    raise AirflowException(
airflow.exceptions.AirflowException: Bash command failed. The command returned a non-zero exit code 1.
[2025-05-03T07:00:23.354+0000] {logging_mixin.py:190} INFO - Task instance in failure state
[2025-05-03T07:00:23.355+0000] {logging_mixin.py:190} INFO - Task start:2025-05-03 07:00:14.324288+00:00 end:2025-05-03 07:00:23.353032+00:00 duration:9.028744
[2025-05-03T07:00:23.357+0000] {logging_mixin.py:190} INFO - Task:<Task(BashOperator): test_dbt_models> dag:<DAG: google_maps_reviews> dagrun:<DagRun google_maps_reviews @ 2025-05-03 06:53:22.169245+00:00: manual__2025-05-03T06:53:22.169245+00:00, state:running, queued_at: 2025-05-03 06:53:22.213155+00:00. externally triggered: True>
[2025-05-03T07:00:23.359+0000] {logging_mixin.py:190} INFO - Failure caused by Bash command failed. The command returned a non-zero exit code 1.
[2025-05-03T07:00:23.360+0000] {taskinstance.py:1226} INFO - Marking task as UP_FOR_RETRY. dag_id=google_maps_reviews, task_id=test_dbt_models, run_id=manual__2025-05-03T06:53:22.169245+00:00, execution_date=20250503T065322, start_date=20250503T070014, end_date=20250503T070023
[2025-05-03T07:00:23.427+0000] {taskinstance.py:341} INFO - ::group::Post task execution logs
[2025-05-03T07:00:23.429+0000] {standard_task_runner.py:124} ERROR - Failed to execute job 231 for task test_dbt_models (Bash command failed. The command returned a non-zero exit code 1.; 1323)
Traceback (most recent call last):
  File "/home/airflow/.local/lib/python3.12/site-packages/airflow/task/task_runner/standard_task_runner.py", line 117, in _start_by_fork
    ret = args.func(args, dag=self.dag)
          ^^^^^^^^^^^^^^^^^^^^^^^^^^^^^
  File "/home/airflow/.local/lib/python3.12/site-packages/airflow/cli/cli_config.py", line 49, in command
    return func(*args, **kwargs)
           ^^^^^^^^^^^^^^^^^^^^^
  File "/home/airflow/.local/lib/python3.12/site-packages/airflow/utils/cli.py", line 116, in wrapper
    return f(*args, **kwargs)
           ^^^^^^^^^^^^^^^^^^
  File "/home/airflow/.local/lib/python3.12/site-packages/airflow/cli/commands/task_command.py", line 483, in task_run
    task_return_code = _run_task_by_selected_method(args, _dag, ti)
                       ^^^^^^^^^^^^^^^^^^^^^^^^^^^^^^^^^^^^^^^^^^^^
  File "/home/airflow/.local/lib/python3.12/site-packages/airflow/cli/commands/task_command.py", line 256, in _run_task_by_selected_method
    return _run_raw_task(args, ti)
           ^^^^^^^^^^^^^^^^^^^^^^^
  File "/home/airflow/.local/lib/python3.12/site-packages/airflow/cli/commands/task_command.py", line 341, in _run_raw_task
    return ti._run_raw_task(
           ^^^^^^^^^^^^^^^^^
  File "/home/airflow/.local/lib/python3.12/site-packages/airflow/utils/session.py", line 97, in wrapper
    return func(*args, session=session, **kwargs)
           ^^^^^^^^^^^^^^^^^^^^^^^^^^^^^^^^^^^^^^
  File "/home/airflow/.local/lib/python3.12/site-packages/airflow/models/taskinstance.py", line 3006, in _run_raw_task
    return _run_raw_task(
           ^^^^^^^^^^^^^^
  File "/home/airflow/.local/lib/python3.12/site-packages/airflow/models/taskinstance.py", line 274, in _run_raw_task
    TaskInstance._execute_task_with_callbacks(
  File "/home/airflow/.local/lib/python3.12/site-packages/airflow/models/taskinstance.py", line 3161, in _execute_task_with_callbacks
    result = self._execute_task(context, task_orig)
             ^^^^^^^^^^^^^^^^^^^^^^^^^^^^^^^^^^^^^^
  File "/home/airflow/.local/lib/python3.12/site-packages/airflow/models/taskinstance.py", line 3185, in _execute_task
    return _execute_task(self, context, task_orig)
           ^^^^^^^^^^^^^^^^^^^^^^^^^^^^^^^^^^^^^^^
  File "/home/airflow/.local/lib/python3.12/site-packages/airflow/models/taskinstance.py", line 768, in _execute_task
    result = _execute_callable(context=context, **execute_callable_kwargs)
             ^^^^^^^^^^^^^^^^^^^^^^^^^^^^^^^^^^^^^^^^^^^^^^^^^^^^^^^^^^^^^
  File "/home/airflow/.local/lib/python3.12/site-packages/airflow/models/taskinstance.py", line 734, in _execute_callable
    return ExecutionCallableRunner(
           ^^^^^^^^^^^^^^^^^^^^^^^^
  File "/home/airflow/.local/lib/python3.12/site-packages/airflow/utils/operator_helpers.py", line 252, in run
    return self.func(*args, **kwargs)
           ^^^^^^^^^^^^^^^^^^^^^^^^^^
  File "/home/airflow/.local/lib/python3.12/site-packages/airflow/models/baseoperator.py", line 424, in wrapper
    return func(self, *args, **kwargs)
           ^^^^^^^^^^^^^^^^^^^^^^^^^^^
  File "/home/airflow/.local/lib/python3.12/site-packages/airflow/operators/bash.py", line 276, in execute
    raise AirflowException(
airflow.exceptions.AirflowException: Bash command failed. The command returned a non-zero exit code 1.
[2025-05-03T07:00:23.490+0000] {local_task_job_runner.py:266} INFO - Task exited with return code 1
[2025-05-03T07:00:23.545+0000] {taskinstance.py:3901} INFO - 0 downstream tasks scheduled from follow-on schedule check
[2025-05-03T07:00:23.548+0000] {local_task_job_runner.py:245} INFO - ::endgroup::
